<?xml version="1.0" encoding="UTF-8"?>
<testng-results ignored="0" total="1" passed="0" failed="1" skipped="0">
  <reporter-output>
    <line>
<<<<<<< HEAD
      <![CDATA[Draftstatus is verified]]>
    </line>
    <line>
      <![CDATA[Not runningstatus is verified]]>
=======
      <![CDATA[Draft (needs to be validated)  status is verified]]>
    </line>
    <line>
      <![CDATA[Validated  status is verified]]>
>>>>>>> branch 'Testing' of https://github.com/rekha-91/Dolibarr_GUIFramework.git
    </line>
  </reporter-output>
<<<<<<< HEAD
  <suite started-at="2024-06-05T14:41:44 IST" name="Default suite" finished-at="2024-06-05T14:42:43 IST" duration-ms="59049">
=======
  <suite started-at="2024-06-05T11:15:11 IST" name="Default suite" finished-at="2024-06-05T11:15:27 IST" duration-ms="16123">
>>>>>>> branch 'Testing' of https://github.com/rekha-91/Dolibarr_GUIFramework.git
    <groups>
    </groups>
<<<<<<< HEAD
    <test started-at="2024-06-05T14:41:44 IST" name="Default test" finished-at="2024-06-05T14:42:43 IST" duration-ms="59049">
      <class name="com.dolibarr.erp.customertest.CreateInvoiceAndValidateTest">
        <test-method is-config="true" signature="configBS()[pri:0, instance:com.dolibarr.erp.customertest.CreateInvoiceAndValidateTest@5e5d171f]" started-at="2024-06-05T14:41:44 IST" name="configBS" finished-at="2024-06-05T14:41:44 IST" duration-ms="61" status="PASS">
=======
    <test started-at="2024-06-05T11:15:11 IST" name="Default test" finished-at="2024-06-05T11:15:27 IST" duration-ms="16123">
      <class name="com.dolibarr.erp.prospectTest.createOrderTest">
        <test-method is-config="true" signature="configBS()[pri:0, instance:com.dolibarr.erp.prospectTest.createOrderTest@4bdeaabb]" started-at="2024-06-05T11:15:11 IST" name="configBS" finished-at="2024-06-05T11:15:11 IST" duration-ms="32" status="PASS">
>>>>>>> branch 'Testing' of https://github.com/rekha-91/Dolibarr_GUIFramework.git
          <reporter-output>
          </reporter-output>
        </test-method> <!-- configBS -->
<<<<<<< HEAD
        <test-method is-config="true" signature="configBC()[pri:0, instance:com.dolibarr.erp.customertest.CreateInvoiceAndValidateTest@5e5d171f]" started-at="2024-06-05T14:41:44 IST" name="configBC" finished-at="2024-06-05T14:41:57 IST" duration-ms="13630" status="PASS">
=======
        <test-method is-config="true" signature="configBC()[pri:0, instance:com.dolibarr.erp.prospectTest.createOrderTest@4bdeaabb]" started-at="2024-06-05T11:15:11 IST" name="configBC" finished-at="2024-06-05T11:15:13 IST" duration-ms="2346" status="PASS">
>>>>>>> branch 'Testing' of https://github.com/rekha-91/Dolibarr_GUIFramework.git
          <reporter-output>
          </reporter-output>
        </test-method> <!-- configBC -->
<<<<<<< HEAD
        <test-method is-config="true" signature="configBM()[pri:0, instance:com.dolibarr.erp.customertest.CreateInvoiceAndValidateTest@5e5d171f]" started-at="2024-06-05T14:41:57 IST" name="configBM" finished-at="2024-06-05T14:42:02 IST" duration-ms="5015" status="PASS">
=======
        <test-method is-config="true" signature="configBM()[pri:0, instance:com.dolibarr.erp.prospectTest.createOrderTest@4bdeaabb]" started-at="2024-06-05T11:15:13 IST" name="configBM" finished-at="2024-06-05T11:15:15 IST" duration-ms="2265" status="PASS">
>>>>>>> branch 'Testing' of https://github.com/rekha-91/Dolibarr_GUIFramework.git
          <reporter-output>
          </reporter-output>
        </test-method> <!-- configBM -->
<<<<<<< HEAD
        <test-method signature="createInvoice()[pri:0, instance:com.dolibarr.erp.customertest.CreateInvoiceAndValidateTest@5e5d171f]" started-at="2024-06-05T14:42:02 IST" name="createInvoice" finished-at="2024-06-05T14:42:41 IST" duration-ms="38915" status="FAIL">
          <exception class="org.openqa.selenium.NoSuchElementException">
            <message>
              <![CDATA[no such element: Unable to locate element: {"method":"xpath","selector":"//a[text()='Validate']"}
  (Session info: chrome=125.0.6422.114)
For documentation on this error, please visit: https://selenium.dev/exceptions/#no_such_element
Build info: version: '4.8.3', revision: 'e5e76298c3'
System info: os.name: 'Windows 10', os.arch: 'amd64', os.version: '10.0', java.version: '21.0.1'
Driver info: org.openqa.selenium.chrome.ChromeDriver
Command: [87b7136c9b7fe743e5f7024e2f6b4d09, findElement {using=xpath, value=//a[text()='Validate']}]
Capabilities {acceptInsecureCerts: false, browserName: chrome, browserVersion: 125.0.6422.114, chrome: {chromedriverVersion: 125.0.6422.141 (4b1e8393712..., userDataDir: C:\Users\REKHAG~1\AppData\L...}, fedcm:accounts: true, goog:chromeOptions: {debuggerAddress: localhost:55812}, networkConnectionEnabled: false, pageLoadStrategy: normal, platformName: WINDOWS, proxy: Proxy(), se:cdp: ws://localhost:55812/devtoo..., se:cdpVersion: 125.0.6422.114, setWindowRect: true, strictFileInteractability: false, timeouts: {implicit: 0, pageLoad: 300000, script: 30000}, unhandledPromptBehavior: dismiss and notify, webauthn:extension:credBlob: true, webauthn:extension:largeBlob: true, webauthn:extension:minPinLength: true, webauthn:extension:prf: true, webauthn:virtualAuthenticators: true}
Session ID: 87b7136c9b7fe743e5f7024e2f6b4d09]]>
            </message>
            <full-stacktrace>
              <![CDATA[org.openqa.selenium.NoSuchElementException: no such element: Unable to locate element: {"method":"xpath","selector":"//a[text()='Validate']"}
  (Session info: chrome=125.0.6422.114)
For documentation on this error, please visit: https://selenium.dev/exceptions/#no_such_element
Build info: version: '4.8.3', revision: 'e5e76298c3'
System info: os.name: 'Windows 10', os.arch: 'amd64', os.version: '10.0', java.version: '21.0.1'
Driver info: org.openqa.selenium.chrome.ChromeDriver
Command: [87b7136c9b7fe743e5f7024e2f6b4d09, findElement {using=xpath, value=//a[text()='Validate']}]
Capabilities {acceptInsecureCerts: false, browserName: chrome, browserVersion: 125.0.6422.114, chrome: {chromedriverVersion: 125.0.6422.141 (4b1e8393712..., userDataDir: C:\Users\REKHAG~1\AppData\L...}, fedcm:accounts: true, goog:chromeOptions: {debuggerAddress: localhost:55812}, networkConnectionEnabled: false, pageLoadStrategy: normal, platformName: WINDOWS, proxy: Proxy(), se:cdp: ws://localhost:55812/devtoo..., se:cdpVersion: 125.0.6422.114, setWindowRect: true, strictFileInteractability: false, timeouts: {implicit: 0, pageLoad: 300000, script: 30000}, unhandledPromptBehavior: dismiss and notify, webauthn:extension:credBlob: true, webauthn:extension:largeBlob: true, webauthn:extension:minPinLength: true, webauthn:extension:prf: true, webauthn:virtualAuthenticators: true}
Session ID: 87b7136c9b7fe743e5f7024e2f6b4d09
at java.base/jdk.internal.reflect.DirectConstructorHandleAccessor.newInstance(DirectConstructorHandleAccessor.java:62)
at java.base/java.lang.reflect.Constructor.newInstanceWithCaller(Constructor.java:502)
at java.base/java.lang.reflect.Constructor.newInstance(Constructor.java:486)
at org.openqa.selenium.remote.codec.w3c.W3CHttpResponseCodec.createException(W3CHttpResponseCodec.java:200)
at org.openqa.selenium.remote.codec.w3c.W3CHttpResponseCodec.decode(W3CHttpResponseCodec.java:133)
at org.openqa.selenium.remote.codec.w3c.W3CHttpResponseCodec.decode(W3CHttpResponseCodec.java:53)
at org.openqa.selenium.remote.HttpCommandExecutor.execute(HttpCommandExecutor.java:193)
at org.openqa.selenium.remote.service.DriverCommandExecutor.invokeExecute(DriverCommandExecutor.java:183)
at org.openqa.selenium.remote.service.DriverCommandExecutor.execute(DriverCommandExecutor.java:158)
at org.openqa.selenium.remote.RemoteWebDriver.execute(RemoteWebDriver.java:543)
at org.openqa.selenium.remote.ElementLocation$ElementFinder$2.findElement(ElementLocation.java:162)
at org.openqa.selenium.remote.ElementLocation.findElement(ElementLocation.java:60)
at org.openqa.selenium.remote.RemoteWebDriver.findElement(RemoteWebDriver.java:352)
at org.openqa.selenium.remote.RemoteWebDriver.findElement(RemoteWebDriver.java:344)
at org.openqa.selenium.support.pagefactory.DefaultElementLocator.findElement(DefaultElementLocator.java:70)
at org.openqa.selenium.support.pagefactory.internal.LocatingElementHandler.invoke(LocatingElementHandler.java:39)
at jdk.proxy2/jdk.proxy2.$Proxy20.click(Unknown Source)
at com.dolibarr.erp.customertest.CreateInvoiceAndValidateTest.createInvoice(CreateInvoiceAndValidateTest.java:111)
at java.base/jdk.internal.reflect.DirectMethodHandleAccessor.invoke(DirectMethodHandleAccessor.java:103)
at java.base/java.lang.reflect.Method.invoke(Method.java:580)
at org.testng.internal.invokers.MethodInvocationHelper.invokeMethod(MethodInvocationHelper.java:139)
at org.testng.internal.invokers.TestInvoker.invokeMethod(TestInvoker.java:664)
at org.testng.internal.invokers.TestInvoker.invokeTestMethod(TestInvoker.java:227)
at org.testng.internal.invokers.MethodRunner.runInSequence(MethodRunner.java:50)
at org.testng.internal.invokers.TestInvoker$MethodInvocationAgent.invoke(TestInvoker.java:957)
at org.testng.internal.invokers.TestInvoker.invokeTestMethods(TestInvoker.java:200)
at org.testng.internal.invokers.TestMethodWorker.invokeTestMethods(TestMethodWorker.java:148)
at org.testng.internal.invokers.TestMethodWorker.run(TestMethodWorker.java:128)
at java.base/java.util.ArrayList.forEach(ArrayList.java:1596)
at org.testng.TestRunner.privateRun(TestRunner.java:848)
at org.testng.TestRunner.run(TestRunner.java:621)
at org.testng.SuiteRunner.runTest(SuiteRunner.java:443)
at org.testng.SuiteRunner.runSequentially(SuiteRunner.java:437)
at org.testng.SuiteRunner.privateRun(SuiteRunner.java:397)
at org.testng.SuiteRunner.run(SuiteRunner.java:336)
at org.testng.SuiteRunnerWorker.runSuite(SuiteRunnerWorker.java:52)
at org.testng.SuiteRunnerWorker.run(SuiteRunnerWorker.java:95)
at org.testng.TestNG.runSuitesSequentially(TestNG.java:1280)
at org.testng.TestNG.runSuitesLocally(TestNG.java:1200)
at org.testng.TestNG.runSuites(TestNG.java:1114)
at org.testng.TestNG.run(TestNG.java:1082)
at org.testng.remote.AbstractRemoteTestNG.run(AbstractRemoteTestNG.java:115)
at org.testng.remote.RemoteTestNG.initAndRun(RemoteTestNG.java:251)
at org.testng.remote.RemoteTestNG.main(RemoteTestNG.java:77)
]]>
            </full-stacktrace>
          </exception> <!-- org.openqa.selenium.NoSuchElementException -->
=======
        <test-method signature="createOrder()[pri:0, instance:com.dolibarr.erp.prospectTest.createOrderTest@4bdeaabb]" started-at="2024-06-05T11:15:15 IST" name="createOrder" finished-at="2024-06-05T11:15:26 IST" duration-ms="10336" status="PASS">
>>>>>>> branch 'Testing' of https://github.com/rekha-91/Dolibarr_GUIFramework.git
          <reporter-output>
            <line>
<<<<<<< HEAD
              <![CDATA[Draftstatus is verified]]>
            </line>
            <line>
              <![CDATA[Not runningstatus is verified]]>
=======
              <![CDATA[Draft (needs to be validated)  status is verified]]>
            </line>
            <line>
              <![CDATA[Validated  status is verified]]>
>>>>>>> branch 'Testing' of https://github.com/rekha-91/Dolibarr_GUIFramework.git
            </line>
          </reporter-output>
<<<<<<< HEAD
        </test-method> <!-- createInvoice -->
        <test-method is-config="true" signature="configAM()[pri:0, instance:com.dolibarr.erp.customertest.CreateInvoiceAndValidateTest@5e5d171f]" started-at="2024-06-05T14:42:41 IST" name="configAM" finished-at="2024-06-05T14:42:43 IST" duration-ms="1356" status="FAIL">
          <exception class="org.openqa.selenium.ElementClickInterceptedException">
            <message>
              <![CDATA[element click intercepted: Element <div id="topmenu-login-dropdown" class="userimg atoplogin dropdown user user-menu inline-block">...</div> is not clickable at point (1293, 26). Other element would receive the click: <div>...</div>
  (Session info: chrome=125.0.6422.114)
Build info: version: '4.8.3', revision: 'e5e76298c3'
System info: os.name: 'Windows 10', os.arch: 'amd64', os.version: '10.0', java.version: '21.0.1'
Driver info: org.openqa.selenium.chrome.ChromeDriver
Command: [87b7136c9b7fe743e5f7024e2f6b4d09, clickElement {id=f.5C962742C5C5739B10CD08D823843339.d.56BAA132AB44B8DD848A2D98764DC048.e.653}]
Capabilities {acceptInsecureCerts: false, browserName: chrome, browserVersion: 125.0.6422.114, chrome: {chromedriverVersion: 125.0.6422.141 (4b1e8393712..., userDataDir: C:\Users\REKHAG~1\AppData\L...}, fedcm:accounts: true, goog:chromeOptions: {debuggerAddress: localhost:55812}, networkConnectionEnabled: false, pageLoadStrategy: normal, platformName: WINDOWS, proxy: Proxy(), se:cdp: ws://localhost:55812/devtoo..., se:cdpVersion: 125.0.6422.114, setWindowRect: true, strictFileInteractability: false, timeouts: {implicit: 0, pageLoad: 300000, script: 30000}, unhandledPromptBehavior: dismiss and notify, webauthn:extension:credBlob: true, webauthn:extension:largeBlob: true, webauthn:extension:minPinLength: true, webauthn:extension:prf: true, webauthn:virtualAuthenticators: true}
Element: [[ChromeDriver: chrome on WINDOWS (87b7136c9b7fe743e5f7024e2f6b4d09)] -> xpath: //div[@id='topmenu-login-dropdown']]
Session ID: 87b7136c9b7fe743e5f7024e2f6b4d09]]>
            </message>
            <full-stacktrace>
              <![CDATA[org.openqa.selenium.ElementClickInterceptedException: element click intercepted: Element <div id="topmenu-login-dropdown" class="userimg atoplogin dropdown user user-menu inline-block">...</div> is not clickable at point (1293, 26). Other element would receive the click: <div>...</div>
  (Session info: chrome=125.0.6422.114)
Build info: version: '4.8.3', revision: 'e5e76298c3'
System info: os.name: 'Windows 10', os.arch: 'amd64', os.version: '10.0', java.version: '21.0.1'
Driver info: org.openqa.selenium.chrome.ChromeDriver
Command: [87b7136c9b7fe743e5f7024e2f6b4d09, clickElement {id=f.5C962742C5C5739B10CD08D823843339.d.56BAA132AB44B8DD848A2D98764DC048.e.653}]
Capabilities {acceptInsecureCerts: false, browserName: chrome, browserVersion: 125.0.6422.114, chrome: {chromedriverVersion: 125.0.6422.141 (4b1e8393712..., userDataDir: C:\Users\REKHAG~1\AppData\L...}, fedcm:accounts: true, goog:chromeOptions: {debuggerAddress: localhost:55812}, networkConnectionEnabled: false, pageLoadStrategy: normal, platformName: WINDOWS, proxy: Proxy(), se:cdp: ws://localhost:55812/devtoo..., se:cdpVersion: 125.0.6422.114, setWindowRect: true, strictFileInteractability: false, timeouts: {implicit: 0, pageLoad: 300000, script: 30000}, unhandledPromptBehavior: dismiss and notify, webauthn:extension:credBlob: true, webauthn:extension:largeBlob: true, webauthn:extension:minPinLength: true, webauthn:extension:prf: true, webauthn:virtualAuthenticators: true}
Element: [[ChromeDriver: chrome on WINDOWS (87b7136c9b7fe743e5f7024e2f6b4d09)] -> xpath: //div[@id='topmenu-login-dropdown']]
Session ID: 87b7136c9b7fe743e5f7024e2f6b4d09
at java.base/jdk.internal.reflect.DirectConstructorHandleAccessor.newInstance(DirectConstructorHandleAccessor.java:62)
at java.base/java.lang.reflect.Constructor.newInstanceWithCaller(Constructor.java:502)
at java.base/java.lang.reflect.Constructor.newInstance(Constructor.java:486)
at org.openqa.selenium.remote.codec.w3c.W3CHttpResponseCodec.createException(W3CHttpResponseCodec.java:200)
at org.openqa.selenium.remote.codec.w3c.W3CHttpResponseCodec.decode(W3CHttpResponseCodec.java:133)
at org.openqa.selenium.remote.codec.w3c.W3CHttpResponseCodec.decode(W3CHttpResponseCodec.java:53)
at org.openqa.selenium.remote.HttpCommandExecutor.execute(HttpCommandExecutor.java:193)
at org.openqa.selenium.remote.service.DriverCommandExecutor.invokeExecute(DriverCommandExecutor.java:183)
at org.openqa.selenium.remote.service.DriverCommandExecutor.execute(DriverCommandExecutor.java:158)
at org.openqa.selenium.remote.RemoteWebDriver.execute(RemoteWebDriver.java:543)
at org.openqa.selenium.remote.RemoteWebElement.execute(RemoteWebElement.java:257)
at org.openqa.selenium.remote.RemoteWebElement.click(RemoteWebElement.java:78)
at java.base/jdk.internal.reflect.DirectMethodHandleAccessor.invoke(DirectMethodHandleAccessor.java:103)
at java.base/java.lang.reflect.Method.invoke(Method.java:580)
at org.openqa.selenium.support.pagefactory.internal.LocatingElementHandler.invoke(LocatingElementHandler.java:52)
at jdk.proxy2/jdk.proxy2.$Proxy20.click(Unknown Source)
at com.dolibarr.erp.objectrepositoryutility.HomePage.logout(HomePage.java:46)
at com.dolibarr.erp.generic.basetest.BaseClass.configAM(BaseClass.java:98)
at java.base/jdk.internal.reflect.DirectMethodHandleAccessor.invoke(DirectMethodHandleAccessor.java:103)
at java.base/java.lang.reflect.Method.invoke(Method.java:580)
at org.testng.internal.invokers.MethodInvocationHelper.invokeMethod(MethodInvocationHelper.java:139)
at org.testng.internal.invokers.MethodInvocationHelper.invokeMethodConsideringTimeout(MethodInvocationHelper.java:69)
at org.testng.internal.invokers.ConfigInvoker.invokeConfigurationMethod(ConfigInvoker.java:390)
at org.testng.internal.invokers.ConfigInvoker.invokeConfigurations(ConfigInvoker.java:325)
at org.testng.internal.invokers.TestInvoker.runConfigMethods(TestInvoker.java:810)
at org.testng.internal.invokers.TestInvoker.runAfterConfigurations(TestInvoker.java:779)
at org.testng.internal.invokers.TestInvoker.invokeMethod(TestInvoker.java:755)
at org.testng.internal.invokers.TestInvoker.invokeTestMethod(TestInvoker.java:227)
at org.testng.internal.invokers.MethodRunner.runInSequence(MethodRunner.java:50)
at org.testng.internal.invokers.TestInvoker$MethodInvocationAgent.invoke(TestInvoker.java:957)
at org.testng.internal.invokers.TestInvoker.invokeTestMethods(TestInvoker.java:200)
at org.testng.internal.invokers.TestMethodWorker.invokeTestMethods(TestMethodWorker.java:148)
at org.testng.internal.invokers.TestMethodWorker.run(TestMethodWorker.java:128)
at java.base/java.util.ArrayList.forEach(ArrayList.java:1596)
at org.testng.TestRunner.privateRun(TestRunner.java:848)
at org.testng.TestRunner.run(TestRunner.java:621)
at org.testng.SuiteRunner.runTest(SuiteRunner.java:443)
at org.testng.SuiteRunner.runSequentially(SuiteRunner.java:437)
at org.testng.SuiteRunner.privateRun(SuiteRunner.java:397)
at org.testng.SuiteRunner.run(SuiteRunner.java:336)
at org.testng.SuiteRunnerWorker.runSuite(SuiteRunnerWorker.java:52)
at org.testng.SuiteRunnerWorker.run(SuiteRunnerWorker.java:95)
at org.testng.TestNG.runSuitesSequentially(TestNG.java:1280)
at org.testng.TestNG.runSuitesLocally(TestNG.java:1200)
at org.testng.TestNG.runSuites(TestNG.java:1114)
at org.testng.TestNG.run(TestNG.java:1082)
at org.testng.remote.AbstractRemoteTestNG.run(AbstractRemoteTestNG.java:115)
at org.testng.remote.RemoteTestNG.initAndRun(RemoteTestNG.java:251)
at org.testng.remote.RemoteTestNG.main(RemoteTestNG.java:77)
]]>
            </full-stacktrace>
          </exception> <!-- org.openqa.selenium.ElementClickInterceptedException -->
=======
        </test-method> <!-- createOrder -->
        <test-method is-config="true" signature="configAM()[pri:0, instance:com.dolibarr.erp.prospectTest.createOrderTest@4bdeaabb]" started-at="2024-06-05T11:15:26 IST" name="configAM" finished-at="2024-06-05T11:15:27 IST" duration-ms="825" status="PASS">
>>>>>>> branch 'Testing' of https://github.com/rekha-91/Dolibarr_GUIFramework.git
          <reporter-output>
          </reporter-output>
        </test-method> <!-- configAM -->
<<<<<<< HEAD
        <test-method is-config="true" signature="configAC()[pri:0, instance:com.dolibarr.erp.customertest.CreateInvoiceAndValidateTest@5e5d171f]" started-at="2024-06-05T14:42:43 IST" name="configAC" finished-at="2024-06-05T14:42:43 IST" duration-ms="0" status="SKIP">
=======
        <test-method is-config="true" signature="configAC()[pri:0, instance:com.dolibarr.erp.prospectTest.createOrderTest@4bdeaabb]" started-at="2024-06-05T11:15:27 IST" name="configAC" finished-at="2024-06-05T11:15:27 IST" duration-ms="311" status="PASS">
>>>>>>> branch 'Testing' of https://github.com/rekha-91/Dolibarr_GUIFramework.git
          <reporter-output>
          </reporter-output>
        </test-method> <!-- configAC -->
<<<<<<< HEAD
        <test-method is-config="true" signature="configAS()[pri:0, instance:com.dolibarr.erp.customertest.CreateInvoiceAndValidateTest@5e5d171f]" started-at="2024-06-05T14:42:43 IST" name="configAS" finished-at="2024-06-05T14:42:43 IST" duration-ms="2" status="PASS">
=======
        <test-method is-config="true" signature="configAS()[pri:0, instance:com.dolibarr.erp.prospectTest.createOrderTest@4bdeaabb]" started-at="2024-06-05T11:15:27 IST" name="configAS" finished-at="2024-06-05T11:15:27 IST" duration-ms="0" status="PASS">
>>>>>>> branch 'Testing' of https://github.com/rekha-91/Dolibarr_GUIFramework.git
          <reporter-output>
          </reporter-output>
        </test-method> <!-- configAS -->
<<<<<<< HEAD
      </class> <!-- com.dolibarr.erp.customertest.CreateInvoiceAndValidateTest -->
=======
      </class> <!-- com.dolibarr.erp.prospectTest.createOrderTest -->
>>>>>>> branch 'Testing' of https://github.com/rekha-91/Dolibarr_GUIFramework.git
    </test> <!-- Default test -->
  </suite> <!-- Default suite -->
</testng-results>
